[2025-12-14 16:28:46] SUCCESS: System temp files
[2025-12-14 16:28:46] SUCCESS: System crash reports
[2025-12-14 16:28:46] SUCCESS: System logs
[2025-12-14 16:28:47] SUCCESS: System diagnostic logs
[2025-12-14 16:28:47] SUCCESS: Power logs
[2025-12-14 16:33:19] ERROR: Refusing to sudo remove symlink: /Applications/OpenVPN Connect.app
[2025-12-14 16:34:31] SUCCESS: Security settings updated
[2026-01-03 23:47:37] SUCCESS: System caches
[2026-01-03 23:47:38] SUCCESS: System temp files
[2026-01-03 23:47:38] SUCCESS: System crash reports
[2026-01-03 23:47:38] SUCCESS: System logs
[2026-01-03 23:47:50] SUCCESS: System diagnostic logs
[2026-01-03 23:47:50] SUCCESS: Power logs
[2026-01-03 23:47:50] SUCCESS: Memory exception reports
[2026-01-03 23:47:50] SUCCESS: System diagnostic trace logs
[2026-01-16 10:29:08] SUCCESS: System caches
[2026-01-16 10:29:08] SUCCESS: System temp files
[2026-01-16 10:29:08] SUCCESS: System crash reports
[2026-01-16 10:29:09] SUCCESS: System logs
[2026-01-16 10:29:17] SUCCESS: System diagnostic logs
[2026-01-16 10:29:18] SUCCESS: Power logs
[2026-01-16 10:29:18] SUCCESS: Memory exception reports
[2026-01-16 10:29:18] SUCCESS: System diagnostic trace logs
